<?xml version="1.0" encoding="UTF-8"?>
<!-- Generated by org.testng.reporters.JUnitXMLReporter -->
<testsuite hostname="UC6H2QDK3IYL2FZ" ignored="0" name="Default test" tests="1" failures="0" timestamp="08 五月 2018 08:28:49 GMT" time="0.052" errors="0">
  <testcase name="@BeforeSuite beforeSuite" time="0.015" classname="BaiduTestCase.HomePageTestCase">
    <failure type="java.lang.RuntimeException" message="java.lang.InstantiationException: PageAction.HomePage">
      <![CDATA[java.lang.RuntimeException: java.lang.InstantiationException: PageAction.HomePage
at org.openqa.selenium.support.PageFactory.instantiatePage(PageFactory.java:133)
at org.openqa.selenium.support.PageFactory.initElements(PageFactory.java:63)
at BaiduTestCase.HomePageTestCase.beforeSuite(HomePageTestCase.java:33)
at sun.reflect.NativeMethodAccessorImpl.invoke0(Native Method)
at sun.reflect.NativeMethodAccessorImpl.invoke(Unknown Source)
at sun.reflect.DelegatingMethodAccessorImpl.invoke(Unknown Source)
at java.lang.reflect.Method.invoke(Unknown Source)
at org.testng.internal.MethodInvocationHelper.invokeMethod(MethodInvocationHelper.java:124)
at org.testng.internal.MethodInvocationHelper.invokeMethodConsideringTimeout(MethodInvocationHelper.java:59)
at org.testng.internal.Invoker.invokeConfigurationMethod(Invoker.java:455)
at org.testng.internal.Invoker.invokeConfigurations(Invoker.java:222)
at org.testng.internal.Invoker.invokeConfigurations(Invoker.java:142)
at org.testng.SuiteRunner.privateRun(SuiteRunner.java:401)
at org.testng.SuiteRunner.run(SuiteRunner.java:364)
at org.testng.SuiteRunnerWorker.runSuite(SuiteRunnerWorker.java:52)
at org.testng.SuiteRunnerWorker.run(SuiteRunnerWorker.java:84)
at org.testng.TestNG.runSuitesSequentially(TestNG.java:1208)
at org.testng.TestNG.runSuitesLocally(TestNG.java:1137)
at org.testng.TestNG.runSuites(TestNG.java:1049)
at org.testng.TestNG.run(TestNG.java:1017)
at org.testng.remote.AbstractRemoteTestNG.run(AbstractRemoteTestNG.java:114)
at org.testng.remote.RemoteTestNG.initAndRun(RemoteTestNG.java:251)
at org.testng.remote.RemoteTestNG.main(RemoteTestNG.java:77)
Caused by: java.lang.InstantiationException: PageAction.HomePage
at java.lang.Class.newInstance(Unknown Source)
at org.openqa.selenium.support.PageFactory.instantiatePage(PageFactory.java:130)
... 22 more
]]>
    </failure>
  </testcase> <!-- @BeforeSuite beforeSuite -->
  <testcase name="testHomePage" time="0.0" classname="BaiduTestCase.HomePageTestCase">
    <skipped/>
  </testcase> <!-- testHomePage -->
</testsuite> <!-- Default test -->
